<?xml version="1.0" encoding="UTF-8"?>
<!-- Generated by org.testng.reporters.JUnitReportReporter -->
<testsuite name="com.test.automation.testStartup.TestLauncher" tests="11" time="43.508" ignored="0" failures="0" timestamp="15 Feb 2018 21:12:04 GMT" skipped="7" hostname="Admins-MacBook-Pro.local" errors="0">
  <testcase name="executeTestCase" time="0.038" classname="com.test.automation.testStartup.TestLauncher">
    <skipped/>
  </testcase> <!-- executeTestCase -->
  <testcase name="executeTestCase" time="17.885" classname="com.test.automation.testStartup.TestLauncher"/>
  <testcase name="executeTestCase" time="0.034" classname="com.test.automation.testStartup.TestLauncher">
    <skipped/>
  </testcase> <!-- executeTestCase -->
  <testcase name="executeTestCase" time="2.184" classname="com.test.automation.testStartup.TestLauncher"/>
  <testcase name="executeTestCase" time="0.020" classname="com.test.automation.testStartup.TestLauncher">
    <skipped/>
  </testcase> <!-- executeTestCase -->
  <testcase name="executeTestCase" time="0.027" classname="com.test.automation.testStartup.TestLauncher">
    <skipped/>
  </testcase> <!-- executeTestCase -->
  <testcase name="executeTestCase" time="0.021" classname="com.test.automation.testStartup.TestLauncher">
    <skipped/>
  </testcase> <!-- executeTestCase -->
  <testcase name="executeTestCase" time="8.828" classname="com.test.automation.testStartup.TestLauncher"/>
  <testcase name="executeTestCase" time="0.031" classname="com.test.automation.testStartup.TestLauncher">
    <skipped/>
  </testcase> <!-- executeTestCase -->
  <testcase name="executeTestCase" time="0.025" classname="com.test.automation.testStartup.TestLauncher">
    <skipped/>
  </testcase> <!-- executeTestCase -->
  <testcase name="executeTestCase" time="14.415" classname="com.test.automation.testStartup.TestLauncher"/>
</testsuite> <!-- com.test.automation.testStartup.TestLauncher -->
