<?xml version="1.0" encoding="UTF-8"?>
<!-- Generated by org.testng.reporters.JUnitReportReporter -->
<testsuite name="com.test.automation.testStartup.TestLauncher" tests="9" time="15.118" ignored="0" failures="0" timestamp="10 Feb 2018 07:20:11 GMT" skipped="7" hostname="Admins-MacBook-Pro.local" errors="0">
  <testcase name="executeTestCase" time="0.009" classname="com.test.automation.testStartup.TestLauncher">
    <skipped/>
  </testcase> <!-- executeTestCase -->
  <testcase name="executeTestCase" time="0.009" classname="com.test.automation.testStartup.TestLauncher">
    <skipped/>
  </testcase> <!-- executeTestCase -->
  <testcase name="executeTestCase" time="0.010" classname="com.test.automation.testStartup.TestLauncher">
    <skipped/>
  </testcase> <!-- executeTestCase -->
  <testcase name="executeTestCase" time="0.010" classname="com.test.automation.testStartup.TestLauncher">
    <skipped/>
  </testcase> <!-- executeTestCase -->
  <testcase name="executeTestCase" time="0.010" classname="com.test.automation.testStartup.TestLauncher">
    <skipped/>
  </testcase> <!-- executeTestCase -->
  <testcase name="executeTestCase" time="0.011" classname="com.test.automation.testStartup.TestLauncher">
    <skipped/>
  </testcase> <!-- executeTestCase -->
  <testcase name="executeTestCase" time="7.167" classname="com.test.automation.testStartup.TestLauncher"/>
  <testcase name="executeTestCase" time="7.882" classname="com.test.automation.testStartup.TestLauncher"/>
  <testcase name="executeTestCase" time="0.010" classname="com.test.automation.testStartup.TestLauncher">
    <skipped/>
  </testcase> <!-- executeTestCase -->
</testsuite> <!-- com.test.automation.testStartup.TestLauncher -->
