<?xml version="1.0" encoding="UTF-8"?>
<!-- Generated by org.testng.reporters.JUnitReportReporter -->
<testsuite name="com.test.automation.testStartup.TestLauncher" tests="9" time="26.927" ignored="0" failures="0" timestamp="05 Mar 2017 17:16:07 GMT" skipped="9" hostname="LAPTOP-JBN7VJ9B" errors="0">
  <testcase name="executeTestCase" time="2.964" classname="com.test.automation.testStartup.TestLauncher">
    <skipped/>
  </testcase> <!-- executeTestCase -->
  <testcase name="executeTestCase" time="3.266" classname="com.test.automation.testStartup.TestLauncher">
    <skipped/>
  </testcase> <!-- executeTestCase -->
  <testcase name="executeTestCase" time="2.970" classname="com.test.automation.testStartup.TestLauncher">
    <skipped/>
  </testcase> <!-- executeTestCase -->
  <testcase name="executeTestCase" time="2.968" classname="com.test.automation.testStartup.TestLauncher">
    <skipped/>
  </testcase> <!-- executeTestCase -->
  <testcase name="executeTestCase" time="2.846" classname="com.test.automation.testStartup.TestLauncher">
    <skipped/>
  </testcase> <!-- executeTestCase -->
  <testcase name="executeTestCase" time="3.005" classname="com.test.automation.testStartup.TestLauncher">
    <skipped/>
  </testcase> <!-- executeTestCase -->
  <testcase name="executeTestCase" time="3.265" classname="com.test.automation.testStartup.TestLauncher">
    <skipped/>
  </testcase> <!-- executeTestCase -->
  <testcase name="executeTestCase" time="2.790" classname="com.test.automation.testStartup.TestLauncher">
    <skipped/>
  </testcase> <!-- executeTestCase -->
  <testcase name="executeTestCase" time="2.853" classname="com.test.automation.testStartup.TestLauncher">
    <skipped/>
  </testcase> <!-- executeTestCase -->
</testsuite> <!-- com.test.automation.testStartup.TestLauncher -->
