<?xml version="1.0" encoding="UTF-8"?>
<!-- Generated by org.testng.reporters.JUnitReportReporter -->
<testsuite name="com.test.automation.testStartup.TestLauncher" tests="8" time="36.447" ignored="0" failures="0" timestamp="17 Feb 2018 10:56:03 GMT" skipped="0" hostname="Admins-MacBook-Pro.local" errors="0">
  <testcase name="executeTestCase" time="0.085" classname="com.test.automation.testStartup.TestLauncher"/>
  <testcase name="executeTestCase" time="13.515" classname="com.test.automation.testStartup.TestLauncher"/>
  <testcase name="executeTestCase" time="10.072" classname="com.test.automation.testStartup.TestLauncher"/>
  <testcase name="executeTestCase" time="0.089" classname="com.test.automation.testStartup.TestLauncher"/>
  <testcase name="executeTestCase" time="0.079" classname="com.test.automation.testStartup.TestLauncher"/>
  <testcase name="executeTestCase" time="0.076" classname="com.test.automation.testStartup.TestLauncher"/>
  <testcase name="executeTestCase" time="12.452" classname="com.test.automation.testStartup.TestLauncher"/>
  <testcase name="executeTestCase" time="0.079" classname="com.test.automation.testStartup.TestLauncher"/>
</testsuite> <!-- com.test.automation.testStartup.TestLauncher -->
