<?xml version="1.0" encoding="UTF-8"?>
<!-- Generated by org.testng.reporters.JUnitReportReporter -->
<testsuite name="com.test.automation.testStartup.TestLauncher" tests="10" time="34.777" ignored="0" failures="0" timestamp="17 Feb 2018 09:46:04 GMT" skipped="2" hostname="Admins-MacBook-Pro.local" errors="0">
  <testcase name="executeTestCase" time="0.085" classname="com.test.automation.testStartup.TestLauncher"/>
  <testcase name="executeTestCase" time="0.009" classname="com.test.automation.testStartup.TestLauncher">
    <skipped/>
  </testcase> <!-- executeTestCase -->
  <testcase name="executeTestCase" time="0.071" classname="com.test.automation.testStartup.TestLauncher"/>
  <testcase name="executeTestCase" time="0.079" classname="com.test.automation.testStartup.TestLauncher"/>
  <testcase name="executeTestCase" time="15.869" classname="com.test.automation.testStartup.TestLauncher"/>
  <testcase name="executeTestCase" time="0.009" classname="com.test.automation.testStartup.TestLauncher">
    <skipped/>
  </testcase> <!-- executeTestCase -->
  <testcase name="executeTestCase" time="8.388" classname="com.test.automation.testStartup.TestLauncher"/>
  <testcase name="executeTestCase" time="0.087" classname="com.test.automation.testStartup.TestLauncher"/>
  <testcase name="executeTestCase" time="0.082" classname="com.test.automation.testStartup.TestLauncher"/>
  <testcase name="executeTestCase" time="10.098" classname="com.test.automation.testStartup.TestLauncher"/>
</testsuite> <!-- com.test.automation.testStartup.TestLauncher -->
