<?xml version="1.0" encoding="UTF-8"?>
<!-- Generated by org.testng.reporters.JUnitReportReporter -->
<testsuite name="com.test.automation.testStartup.TestLauncher" tests="9" time="31.036" ignored="0" failures="0" timestamp="15 Feb 2018 20:01:36 GMT" skipped="6" hostname="Admins-MacBook-Pro.local" errors="0">
  <testcase name="executeTestCase" time="0.013" classname="com.test.automation.testStartup.TestLauncher">
    <skipped/>
  </testcase> <!-- executeTestCase -->
  <testcase name="executeTestCase" time="0.015" classname="com.test.automation.testStartup.TestLauncher">
    <skipped/>
  </testcase> <!-- executeTestCase -->
  <testcase name="executeTestCase" time="0.011" classname="com.test.automation.testStartup.TestLauncher">
    <skipped/>
  </testcase> <!-- executeTestCase -->
  <testcase name="executeTestCase" time="11.305" classname="com.test.automation.testStartup.TestLauncher"/>
  <testcase name="executeTestCase" time="11.207" classname="com.test.automation.testStartup.TestLauncher"/>
  <testcase name="executeTestCase" time="0.013" classname="com.test.automation.testStartup.TestLauncher">
    <skipped/>
  </testcase> <!-- executeTestCase -->
  <testcase name="executeTestCase" time="0.015" classname="com.test.automation.testStartup.TestLauncher">
    <skipped/>
  </testcase> <!-- executeTestCase -->
  <testcase name="executeTestCase" time="8.443" classname="com.test.automation.testStartup.TestLauncher"/>
  <testcase name="executeTestCase" time="0.014" classname="com.test.automation.testStartup.TestLauncher">
    <skipped/>
  </testcase> <!-- executeTestCase -->
</testsuite> <!-- com.test.automation.testStartup.TestLauncher -->
