<?xml version="1.0" encoding="UTF-8"?>
<!-- Generated by org.testng.reporters.JUnitReportReporter -->
<testsuite name="com.test.automation.testStartup.TestLauncher" tests="11" time="55.526" ignored="0" failures="0" timestamp="15 Mar 2018 17:18:07 GMT" skipped="0" hostname="Admins-MacBook-Pro-2.local" errors="0">
  <testcase name="executeTestCase" time="4.579" classname="com.test.automation.testStartup.TestLauncher"/>
  <testcase name="executeTestCase" time="5.388" classname="com.test.automation.testStartup.TestLauncher"/>
  <testcase name="executeTestCase" time="2.111" classname="com.test.automation.testStartup.TestLauncher"/>
  <testcase name="executeTestCase" time="2.122" classname="com.test.automation.testStartup.TestLauncher"/>
  <testcase name="executeTestCase" time="7.458" classname="com.test.automation.testStartup.TestLauncher"/>
  <testcase name="executeTestCase" time="2.136" classname="com.test.automation.testStartup.TestLauncher"/>
  <testcase name="executeTestCase" time="11.710" classname="com.test.automation.testStartup.TestLauncher"/>
  <testcase name="executeTestCase" time="5.240" classname="com.test.automation.testStartup.TestLauncher"/>
  <testcase name="executeTestCase" time="4.259" classname="com.test.automation.testStartup.TestLauncher"/>
  <testcase name="executeTestCase" time="4.189" classname="com.test.automation.testStartup.TestLauncher"/>
  <testcase name="executeTestCase" time="6.334" classname="com.test.automation.testStartup.TestLauncher"/>
</testsuite> <!-- com.test.automation.testStartup.TestLauncher -->
